{
"C:\\Users\\aluno\\unitTestesJS\\app.js":{"path":"C:\\Users\\aluno\\unitTestesJS\\app.js","s":{"1":1,"2":1,"3":4,"4":4,"5":4,"6":3,"7":1,"8":1,"9":8,"10":7,"11":1,"12":1,"13":5,"14":4,"15":1,"16":1,"17":1},"b":{"1":[3,1],"2":[4,3,3,3,3,3,3,3,3],"3":[7,1],"4":[4,1]},"f":{"1":1,"2":4,"3":8,"4":5},"fnMap":{"1":{"name":"(anonymous_1)","line":1,"loc":{"start":{"line":1,"column":18},"end":{"line":1,"column":28}}},"2":{"name":"(anonymous_2)","line":2,"loc":{"start":{"line":2,"column":22},"end":{"line":2,"column":33}}},"3":{"name":"(anonymous_3)","line":24,"loc":{"start":{"line":24,"column":25},"end":{"line":24,"column":36}}},"4":{"name":"(anonymous_4)","line":30,"loc":{"start":{"line":30,"column":25},"end":{"line":30,"column":42}}}},"statementMap":{"1":{"start":{"line":1,"column":0},"end":{"line":42,"column":1}},"2":{"start":{"line":2,"column":4},"end":{"line":23,"column":6}},"3":{"start":{"line":3,"column":8},"end":{"line":3,"column":53}},"4":{"start":{"line":4,"column":8},"end":{"line":4,"column":63}},"5":{"start":{"line":8,"column":12},"end":{"line":22,"column":9}},"6":{"start":{"line":18,"column":16},"end":{"line":18,"column":28}},"7":{"start":{"line":21,"column":12},"end":{"line":21,"column":25}},"8":{"start":{"line":24,"column":4},"end":{"line":29,"column":6}},"9":{"start":{"line":25,"column":9},"end":{"line":27,"column":9}},"10":{"start":{"line":26,"column":12},"end":{"line":26,"column":24}},"11":{"start":{"line":28,"column":8},"end":{"line":28,"column":21}},"12":{"start":{"line":30,"column":4},"end":{"line":35,"column":6}},"13":{"start":{"line":31,"column":9},"end":{"line":33,"column":9}},"14":{"start":{"line":32,"column":12},"end":{"line":32,"column":24}},"15":{"start":{"line":34,"column":8},"end":{"line":34,"column":21}},"16":{"start":{"line":37,"column":4},"end":{"line":41,"column":5}},"17":{"start":{"line":43,"column":0},"end":{"line":43,"column":29}}},"branchMap":{"1":{"line":8,"type":"if","locations":[{"start":{"line":8,"column":12},"end":{"line":8,"column":12}},{"start":{"line":8,"column":12},"end":{"line":8,"column":12}}]},"2":{"line":9,"type":"binary-expr","locations":[{"start":{"line":9,"column":16},"end":{"line":9,"column":44}},{"start":{"line":10,"column":16},"end":{"line":10,"column":44}},{"start":{"line":11,"column":17},"end":{"line":11,"column":40}},{"start":{"line":12,"column":13},"end":{"line":12,"column":36}},{"start":{"line":13,"column":13},"end":{"line":13,"column":36}},{"start":{"line":14,"column":13},"end":{"line":14,"column":36}},{"start":{"line":15,"column":13},"end":{"line":15,"column":36}},{"start":{"line":16,"column":13},"end":{"line":16,"column":37}},{"start":{"line":17,"column":13},"end":{"line":17,"column":58}}]},"3":{"line":25,"type":"if","locations":[{"start":{"line":25,"column":9},"end":{"line":25,"column":9}},{"start":{"line":25,"column":9},"end":{"line":25,"column":9}}]},"4":{"line":31,"type":"if","locations":[{"start":{"line":31,"column":9},"end":{"line":31,"column":9}},{"start":{"line":31,"column":9},"end":{"line":31,"column":9}}]}},"l":{"1":1,"2":1,"3":4,"4":4,"8":4,"18":3,"21":1,"24":1,"25":8,"26":7,"28":1,"30":1,"31":5,"32":4,"34":1,"37":1,"43":1}}}
