{
"/home/ubuntu/workspace/testesUnitarios/app.js":{"path":"/home/ubuntu/workspace/testesUnitarios/app.js","s":{"1":1,"2":1,"3":1,"4":6,"5":6,"6":6,"7":6,"8":6,"9":5,"10":1,"11":0,"12":1,"13":0,"14":1,"15":1,"16":1,"17":1,"18":1,"19":1},"b":{"1":[5,1],"2":[0,1],"3":[0,1],"4":[1,1,1,1,1,1,0]},"f":{"1":1,"2":6,"3":1},"fnMap":{"1":{"name":"(anonymous_1)","line":1,"loc":{"start":{"line":1,"column":18},"end":{"line":1,"column":28}}},"2":{"name":"(anonymous_2)","line":3,"loc":{"start":{"line":3,"column":22},"end":{"line":3,"column":33}}},"3":{"name":"(anonymous_3)","line":36,"loc":{"start":{"line":36,"column":20},"end":{"line":36,"column":35}}}},"statementMap":{"1":{"start":{"line":1,"column":0},"end":{"line":48,"column":1}},"2":{"start":{"line":2,"column":4},"end":{"line":2,"column":19}},"3":{"start":{"line":3,"column":4},"end":{"line":35,"column":6}},"4":{"start":{"line":4,"column":8},"end":{"line":4,"column":53}},"5":{"start":{"line":5,"column":8},"end":{"line":5,"column":63}},"6":{"start":{"line":6,"column":8},"end":{"line":6,"column":18}},"7":{"start":{"line":7,"column":8},"end":{"line":7,"column":56}},"8":{"start":{"line":8,"column":8},"end":{"line":15,"column":9}},"9":{"start":{"line":9,"column":12},"end":{"line":9,"column":24}},"10":{"start":{"line":16,"column":8},"end":{"line":20,"column":9}},"11":{"start":{"line":17,"column":12},"end":{"line":17,"column":24}},"12":{"start":{"line":22,"column":12},"end":{"line":34,"column":9}},"13":{"start":{"line":29,"column":16},"end":{"line":29,"column":29}},"14":{"start":{"line":32,"column":12},"end":{"line":32,"column":67}},"15":{"start":{"line":33,"column":12},"end":{"line":33,"column":29}},"16":{"start":{"line":36,"column":4},"end":{"line":42,"column":6}},"17":{"start":{"line":37,"column":8},"end":{"line":41,"column":13}},"18":{"start":{"line":43,"column":4},"end":{"line":47,"column":5}},"19":{"start":{"line":49,"column":0},"end":{"line":49,"column":29}}},"branchMap":{"1":{"line":8,"type":"if","locations":[{"start":{"line":8,"column":8},"end":{"line":8,"column":8}},{"start":{"line":8,"column":8},"end":{"line":8,"column":8}}]},"2":{"line":16,"type":"if","locations":[{"start":{"line":16,"column":8},"end":{"line":16,"column":8}},{"start":{"line":16,"column":8},"end":{"line":16,"column":8}}]},"3":{"line":22,"type":"if","locations":[{"start":{"line":22,"column":12},"end":{"line":22,"column":12}},{"start":{"line":22,"column":12},"end":{"line":22,"column":12}}]},"4":{"line":22,"type":"binary-expr","locations":[{"start":{"line":22,"column":17},"end":{"line":22,"column":40}},{"start":{"line":23,"column":13},"end":{"line":23,"column":36}},{"start":{"line":24,"column":13},"end":{"line":24,"column":36}},{"start":{"line":25,"column":13},"end":{"line":25,"column":36}},{"start":{"line":26,"column":13},"end":{"line":26,"column":36}},{"start":{"line":27,"column":13},"end":{"line":27,"column":37}},{"start":{"line":28,"column":13},"end":{"line":28,"column":58}}]}},"l":{"1":1,"2":1,"3":1,"4":6,"5":6,"6":6,"7":6,"8":6,"9":5,"16":1,"17":0,"22":1,"29":0,"32":1,"33":1,"36":1,"37":1,"43":1,"49":1}}}
