TN:
SF:/home/ubuntu/workspace/testesUnitarios/app.js
FN:1,(anonymous_1)
FN:3,(anonymous_2)
FN:36,(anonymous_3)
FNF:3
FNH:3
FNDA:1,(anonymous_1)
FNDA:6,(anonymous_2)
FNDA:1,(anonymous_3)
DA:1,1
DA:2,1
DA:3,1
DA:4,6
DA:5,6
DA:6,6
DA:7,6
DA:8,6
DA:9,5
DA:16,1
DA:17,0
DA:22,1
DA:29,0
DA:32,1
DA:33,1
DA:36,1
DA:37,1
DA:43,1
DA:49,1
LF:19
LH:17
BRDA:8,1,0,5
BRDA:8,1,1,1
BRDA:16,2,0,0
BRDA:16,2,1,1
BRDA:22,3,0,0
BRDA:22,3,1,1
BRDA:22,4,0,1
BRDA:22,4,1,1
BRDA:22,4,2,1
BRDA:22,4,3,1
BRDA:22,4,4,1
BRDA:22,4,5,1
BRDA:22,4,6,0
BRF:13
BRH:10
end_of_record
