TN:
SF:/home/ubuntu/workspace/testesUnitarios/app.js
FN:1,(anonymous_1)
FN:2,(anonymous_2)
FN:24,(anonymous_3)
FN:30,(anonymous_4)
FNF:4
FNH:4
FNDA:1,(anonymous_1)
FNDA:4,(anonymous_2)
FNDA:8,(anonymous_3)
FNDA:5,(anonymous_4)
DA:1,1
DA:2,1
DA:3,4
DA:4,4
DA:8,4
DA:18,3
DA:21,1
DA:24,1
DA:25,8
DA:26,7
DA:28,1
DA:30,1
DA:31,5
DA:32,4
DA:34,1
DA:37,1
DA:43,1
LF:17
LH:17
BRDA:8,1,0,3
BRDA:8,1,1,1
BRDA:9,2,0,4
BRDA:9,2,1,3
BRDA:9,2,2,3
BRDA:9,2,3,3
BRDA:9,2,4,3
BRDA:9,2,5,3
BRDA:9,2,6,3
BRDA:9,2,7,3
BRDA:9,2,8,3
BRDA:25,3,0,7
BRDA:25,3,1,1
BRDA:31,4,0,4
BRDA:31,4,1,1
BRF:15
BRH:15
end_of_record
